Build started 16.07.2017 14:42:10.
     1>Project "e:\local disk c\visual studio 2010\Projects\minMaxLekisebbElofordulasiHelyeFeladat6C\minMaxLekisebbElofordulasiHelyeFeladat6C\minMaxLekisebbElofordulasiHelyeFeladat6C.vcxproj" on node 2 (build target(s)).
     1>InitializeBuildStatus:
         Creating "Debug\minMaxLekisebbElofordulasiHelyeFeladat6C.unsuccessfulbuild" because "AlwaysCreate" was specified.
       ClCompile:
         C:\Program Files (x86)\Microsoft Visual Studio 10.0\VC\bin\CL.exe /c /ZI /nologo /W3 /WX- /Od /Oy- /D WIN32 /D _DEBUG /D _CONSOLE /D _UNICODE /D UNICODE /Gm /EHsc /RTC1 /MDd /GS /fp:precise /Zc:wchar_t /Zc:forScope /Fo"Debug\\" /Fd"Debug\vc100.pdb" /Gd /TP /analyze- /errorReport:prompt 6C.cpp
         6C.cpp
       ManifestResourceCompile:
         All outputs are up-to-date.
       Link:
         C:\Program Files (x86)\Microsoft Visual Studio 10.0\VC\bin\link.exe /ERRORREPORT:PROMPT /OUT:"e:\local disk c\visual studio 2010\Projects\minMaxLekisebbElofordulasiHelyeFeladat6C\Debug\minMaxLekisebbElofordulasiHelyeFeladat6C.exe" /INCREMENTAL /NOLOGO kernel32.lib user32.lib gdi32.lib winspool.lib comdlg32.lib advapi32.lib shell32.lib ole32.lib oleaut32.lib uuid.lib odbc32.lib odbccp32.lib /MANIFEST /ManifestFile:"Debug\minMaxLekisebbElofordulasiHelyeFeladat6C.exe.intermediate.manifest" /MANIFESTUAC:"level='asInvoker' uiAccess='false'" /DEBUG /PDB:"e:\local disk c\visual studio 2010\Projects\minMaxLekisebbElofordulasiHelyeFeladat6C\Debug\minMaxLekisebbElofordulasiHelyeFeladat6C.pdb" /SUBSYSTEM:CONSOLE /TLBID:1 /DYNAMICBASE /NXCOMPAT /IMPLIB:"e:\local disk c\visual studio 2010\Projects\minMaxLekisebbElofordulasiHelyeFeladat6C\Debug\minMaxLekisebbElofordulasiHelyeFeladat6C.lib" /MACHINE:X86 Debug\minMaxLekisebbElofordulasiHelyeFeladat6C.exe.embed.manifest.res
         Debug\6C.obj
       Manifest:
         C:\Program Files (x86)\Microsoft SDKs\Windows\v7.0A\bin\mt.exe /nologo /verbose /out:"Debug\minMaxLekisebbElofordulasiHelyeFeladat6C.exe.embed.manifest" /manifest Debug\minMaxLekisebbElofordulasiHelyeFeladat6C.exe.intermediate.manifest
         All outputs are up-to-date.
       LinkEmbedManifest:
         All outputs are up-to-date.
         minMaxLekisebbElofordulasiHelyeFeladat6C.vcxproj -> e:\local disk c\visual studio 2010\Projects\minMaxLekisebbElofordulasiHelyeFeladat6C\Debug\minMaxLekisebbElofordulasiHelyeFeladat6C.exe
       FinalizeBuildStatus:
         Deleting file "Debug\minMaxLekisebbElofordulasiHelyeFeladat6C.unsuccessfulbuild".
         Touching "Debug\minMaxLekisebbElofordulasiHelyeFeladat6C.lastbuildstate".
     1>Done Building Project "e:\local disk c\visual studio 2010\Projects\minMaxLekisebbElofordulasiHelyeFeladat6C\minMaxLekisebbElofordulasiHelyeFeladat6C\minMaxLekisebbElofordulasiHelyeFeladat6C.vcxproj" (build target(s)).

Build succeeded.

Time Elapsed 00:00:00.92
